<?xml version="1.0" encoding="UTF-8"?>
<!-- Generated by org.testng.reporters.JUnitReportReporter -->
<testsuite hostname="DESKTOP-5SEMSTQ" failures="0" tests="1" name="cloudtesla.Cloudtesla1" time="1.985" errors="0" timestamp="2024-02-21T19:27:10 IST" skipped="0">
  <testcase classname="cloudtesla.Cloudtesla1" name="test" time="1.985"/>
  <system-out/>
</testsuite> <!-- cloudtesla.Cloudtesla1 -->
